<?xml version="1.0" encoding="UTF-8"?>
<!-- Generated by org.testng.reporters.JUnitReportReporter -->
<testsuite hostname="Samis-MacBook-Pro.local" name="Runners.Runner1" tests="2" failures="0" timestamp="10 Jun 2018 17:57:49 GMT" time="0.264" errors="0">
  <testcase name="feature" time="0.012" classname="Runners.Runner1"/>
  <testcase name="feature" time="0.252" classname="Runners.Runner1"/>
</testsuite> <!-- Runners.Runner1 -->
